[0929/144555.838:INFO:CONSOLE(1)] "Uncaught ReferenceError: start is not defined", source: file:///C:/Program%20Files/Google/Chrome/Application/117.0.5938.92/ (1)
[0929/144555.838:INFO:CONSOLE(2)] "Uncaught ReferenceError: onHasParentDirectory is not defined", source: file:///C:/Program%20Files/Google/Chrome/Application/117.0.5938.92/ (2)
[0929/144555.838:INFO:CONSOLE(3)] "Uncaught ReferenceError: addRow is not defined", source: file:///C:/Program%20Files/Google/Chrome/Application/117.0.5938.92/ (3)
[0929/144555.838:INFO:CONSOLE(4)] "Uncaught ReferenceError: addRow is not defined", source: file:///C:/Program%20Files/Google/Chrome/Application/117.0.5938.92/ (4)
[0929/144555.838:INFO:CONSOLE(5)] "Uncaught ReferenceError: addRow is not defined", source: file:///C:/Program%20Files/Google/Chrome/Application/117.0.5938.92/ (5)
[0929/144555.838:INFO:CONSOLE(6)] "Uncaught ReferenceError: addRow is not defined", source: file:///C:/Program%20Files/Google/Chrome/Application/117.0.5938.92/ (6)
[0929/144555.838:INFO:CONSOLE(7)] "Uncaught ReferenceError: addRow is not defined", source: file:///C:/Program%20Files/Google/Chrome/Application/117.0.5938.92/ (7)
[0929/144555.838:INFO:CONSOLE(8)] "Uncaught ReferenceError: addRow is not defined", source: file:///C:/Program%20Files/Google/Chrome/Application/117.0.5938.92/ (8)
[0929/144555.838:INFO:CONSOLE(9)] "Uncaught ReferenceError: addRow is not defined", source: file:///C:/Program%20Files/Google/Chrome/Application/117.0.5938.92/ (9)
[0929/144555.838:INFO:CONSOLE(10)] "Uncaught ReferenceError: addRow is not defined", source: file:///C:/Program%20Files/Google/Chrome/Application/117.0.5938.92/ (10)
[0929/144555.838:INFO:CONSOLE(11)] "Uncaught ReferenceError: addRow is not defined", source: file:///C:/Program%20Files/Google/Chrome/Application/117.0.5938.92/ (11)
[0929/144555.838:INFO:CONSOLE(12)] "Uncaught ReferenceError: addRow is not defined", source: file:///C:/Program%20Files/Google/Chrome/Application/117.0.5938.92/ (12)
[0929/144555.838:INFO:CONSOLE(13)] "Uncaught ReferenceError: addRow is not defined", source: file:///C:/Program%20Files/Google/Chrome/Application/117.0.5938.92/ (13)
[0929/144555.838:INFO:CONSOLE(14)] "Uncaught ReferenceError: addRow is not defined", source: file:///C:/Program%20Files/Google/Chrome/Application/117.0.5938.92/ (14)
[0929/144555.838:INFO:CONSOLE(15)] "Uncaught ReferenceError: addRow is not defined", source: file:///C:/Program%20Files/Google/Chrome/Application/117.0.5938.92/ (15)
[0929/144555.838:INFO:CONSOLE(16)] "Uncaught ReferenceError: addRow is not defined", source: file:///C:/Program%20Files/Google/Chrome/Application/117.0.5938.92/ (16)
[0929/144555.838:INFO:CONSOLE(17)] "Uncaught ReferenceError: addRow is not defined", source: file:///C:/Program%20Files/Google/Chrome/Application/117.0.5938.92/ (17)
[0929/144555.838:INFO:CONSOLE(18)] "Uncaught ReferenceError: addRow is not defined", source: file:///C:/Program%20Files/Google/Chrome/Application/117.0.5938.92/ (18)
[0929/144555.838:INFO:CONSOLE(19)] "Uncaught ReferenceError: addRow is not defined", source: file:///C:/Program%20Files/Google/Chrome/Application/117.0.5938.92/ (19)
[0929/144555.838:INFO:CONSOLE(20)] "Uncaught ReferenceError: addRow is not defined", source: file:///C:/Program%20Files/Google/Chrome/Application/117.0.5938.92/ (20)
[0929/144555.838:INFO:CONSOLE(21)] "Uncaught ReferenceError: addRow is not defined", source: file:///C:/Program%20Files/Google/Chrome/Application/117.0.5938.92/ (21)
[0929/144555.839:INFO:CONSOLE(22)] "Uncaught ReferenceError: addRow is not defined", source: file:///C:/Program%20Files/Google/Chrome/Application/117.0.5938.92/ (22)
[0929/144555.839:INFO:CONSOLE(23)] "Uncaught ReferenceError: addRow is not defined", source: file:///C:/Program%20Files/Google/Chrome/Application/117.0.5938.92/ (23)
[0929/144555.839:INFO:CONSOLE(24)] "Uncaught ReferenceError: addRow is not defined", source: file:///C:/Program%20Files/Google/Chrome/Application/117.0.5938.92/ (24)
[0929/144555.839:INFO:CONSOLE(25)] "Uncaught ReferenceError: addRow is not defined", source: file:///C:/Program%20Files/Google/Chrome/Application/117.0.5938.92/ (25)
[0929/144555.839:INFO:CONSOLE(26)] "Uncaught ReferenceError: addRow is not defined", source: file:///C:/Program%20Files/Google/Chrome/Application/117.0.5938.92/ (26)
[0929/144555.839:INFO:CONSOLE(27)] "Uncaught ReferenceError: addRow is not defined", source: file:///C:/Program%20Files/Google/Chrome/Application/117.0.5938.92/ (27)
[0929/144555.839:INFO:CONSOLE(28)] "Uncaught ReferenceError: addRow is not defined", source: file:///C:/Program%20Files/Google/Chrome/Application/117.0.5938.92/ (28)
[0929/144555.839:INFO:CONSOLE(29)] "Uncaught ReferenceError: addRow is not defined", source: file:///C:/Program%20Files/Google/Chrome/Application/117.0.5938.92/ (29)
[0929/144555.839:INFO:CONSOLE(30)] "Uncaught ReferenceError: addRow is not defined", source: file:///C:/Program%20Files/Google/Chrome/Application/117.0.5938.92/ (30)
[0929/144555.839:INFO:CONSOLE(31)] "Uncaught ReferenceError: addRow is not defined", source: file:///C:/Program%20Files/Google/Chrome/Application/117.0.5938.92/ (31)
[0929/144555.839:INFO:CONSOLE(32)] "Uncaught ReferenceError: addRow is not defined", source: file:///C:/Program%20Files/Google/Chrome/Application/117.0.5938.92/ (32)
[0929/144555.839:INFO:CONSOLE(33)] "Uncaught ReferenceError: addRow is not defined", source: file:///C:/Program%20Files/Google/Chrome/Application/117.0.5938.92/ (33)
[0929/144558.832:INFO:CONSOLE(1)] "Store Object 'Perfil' was not found", source: C:\Users\Miguel\Documents\rotinazap\teste1\node_modules\@wppconnect-team\wppconnect\dist\lib\wapi\wapi.js (1)
[0929/144558.834:INFO:CONSOLE(0)] "[object PromiseRejectionEvent]", source:  (0)
[0929/144558.835:INFO:CONSOLE(1)] "Uncaught (in promise) TypeError: Cannot read properties of null (reading '__esModule')", source: C:\Users\Miguel\Documents\rotinazap\teste1\node_modules\@wppconnect-team\wppconnect\dist\lib\wapi\wapi.js (1)
[0929/144618.364:INFO:CONSOLE(7)] "Another connection wants to delete database 'wawc_db_enc'. Closing db now to resume the delete request.", source: https://web.whatsapp.com/vendor1~app.be50aaad33253076fc3f.js (7)
[0929/144618.364:INFO:CONSOLE(1)] "Another connection wants to delete database 'wawc_db_enc'. Closing db now to resume the delete request.", source: https://web.whatsapp.com/WAWebWorker.c409864476ed07cfacdb.worker.js (1)
[0929/144618.594:INFO:CONSOLE(7)] "Another connection wants to delete database 'wawc'. Closing db now to resume the delete request.", source: https://web.whatsapp.com/vendor1~app.be50aaad33253076fc3f.js (7)
[0929/144619.977:INFO:CONSOLE(1)] "Store Object 'Perfil' was not found", source: C:\Users\Miguel\Documents\rotinazap\teste1\node_modules\@wppconnect-team\wppconnect\dist\lib\wapi\wapi.js (1)
[0929/144619.979:INFO:CONSOLE(0)] "[object PromiseRejectionEvent]", source:  (0)
[0929/144619.979:INFO:CONSOLE(1)] "Uncaught (in promise) TypeError: Cannot read properties of null (reading '__esModule')", source: C:\Users\Miguel\Documents\rotinazap\teste1\node_modules\@wppconnect-team\wppconnect\dist\lib\wapi\wapi.js (1)
[0929/144949.991:INFO:CONSOLE(0)] "[object PromiseRejectionEvent]", source:  (0)
[0929/144949.991:INFO:CONSOLE(2)] "Uncaught (in promise) DbOnLogoutAbortError: dropping db read operation due to logout", source: https://web.whatsapp.com/vendor1~app.be50aaad33253076fc3f.js (2)
[0929/144949.997:INFO:CONSOLE(1)] "Another connection wants to delete database 'wawc_db_enc'. Closing db now to resume the delete request.", source: https://web.whatsapp.com/WAWebWorker.c409864476ed07cfacdb.worker.js (1)
[0929/144949.997:INFO:CONSOLE(7)] "Another connection wants to delete database 'wawc_db_enc'. Closing db now to resume the delete request.", source: https://web.whatsapp.com/vendor1~app.be50aaad33253076fc3f.js (7)
[0929/144950.022:INFO:CONSOLE(1)] "Another connection wants to delete database 'model-storage'. Closing db now to resume the delete request.", source: https://web.whatsapp.com/WAWebWorker.c409864476ed07cfacdb.worker.js (1)
[0929/144950.028:INFO:CONSOLE(1)] "Another connection wants to delete database 'fts-storage'. Closing db now to resume the delete request.", source: https://web.whatsapp.com/WAWebWorker.c409864476ed07cfacdb.worker.js (1)
[0929/144950.210:INFO:CONSOLE(0)] "Error with Permissions-Policy header: Unrecognized feature: 'ambient-light-sensor'.", source:  (0)
[0929/144950.532:INFO:CONSOLE(7)] "Another connection wants to delete database 'wawc'. Closing db now to resume the delete request.", source: https://web.whatsapp.com/vendor1~app.7f14216f970118f62a35.js (7)
[0929/144950.782:INFO:CONSOLE(0)] "Error with Permissions-Policy header: Unrecognized feature: 'ambient-light-sensor'.", source:  (0)
[0929/144950.902:INFO:CONSOLE(7)] "Another connection wants to delete database 'wawc'. Closing db now to resume the delete request.", source: https://web.whatsapp.com/vendor1~app.7f14216f970118f62a35.js (7)
[0929/144951.785:INFO:CONSOLE(0)] "Uncaught Error: Data passed to getter must include an id property (it's how we memoize) but got undefined https://web.whatsapp.com/app.3ab9137479b24b9d8cf5.js 52 518577 Error: Data passed to getter must include an id property (it's how we memoize) but got undefined", source:  (0)
[0929/144951.785:INFO:CONSOLE(52)] "Uncaught Error: Data passed to getter must include an id property (it's how we memoize) but got undefined", source: https://web.whatsapp.com/app.3ab9137479b24b9d8cf5.js (52)
[0929/144951.790:INFO:CONSOLE(0)] "Uncaught TypeError: Cannot read properties of undefined (reading 'fromMe') C:\Users\Miguel\Documents\rotinazap\teste1\node_modules\@wppconnect\wa-js\dist\wppconnect-wa.js 2 130157 TypeError: Cannot read properties of undefined (reading 'fromMe')", source:  (0)
[0929/144951.790:INFO:CONSOLE(2)] "Uncaught TypeError: Cannot read properties of undefined (reading 'fromMe')", source: C:\Users\Miguel\Documents\rotinazap\teste1\node_modules\@wppconnect\wa-js\dist\wppconnect-wa.js (2)
[0929/144952.359:INFO:CONSOLE(2)] "func is not an exported function", source: C:\Users\Miguel\Documents\rotinazap\teste1\node_modules\@wppconnect\wa-js\dist\wppconnect-wa.js (2)
[0929/144952.474:INFO:CONSOLE(1)] "Store Object 'Perfil' was not found", source: C:\Users\Miguel\Documents\rotinazap\teste1\node_modules\@wppconnect-team\wppconnect\dist\lib\wapi\wapi.js (1)
[0929/144952.500:INFO:CONSOLE(0)] "[object PromiseRejectionEvent]", source:  (0)
[0929/144952.500:INFO:CONSOLE(1)] "Uncaught (in promise) TypeError: Cannot read properties of null (reading '__esModule')", source: C:\Users\Miguel\Documents\rotinazap\teste1\node_modules\@wppconnect-team\wppconnect\dist\lib\wapi\wapi.js (1)
[0929/144953.355:INFO:CONSOLE(2)] "func is not an exported function", source: C:\Users\Miguel\Documents\rotinazap\teste1\node_modules\@wppconnect\wa-js\dist\wppconnect-wa.js (2)
[0929/144953.356:INFO:CONSOLE(2)] "func is not an exported function", source: C:\Users\Miguel\Documents\rotinazap\teste1\node_modules\@wppconnect\wa-js\dist\wppconnect-wa.js (2)
